[2021/11/09 21:38:56.120] - Starting server with initial configuration: {"gasLimit":6721975,"gasPrice":20000000000,"hardfork":"muirGlacier","hostname":"127.0.0.1","port":7545,"network_id":5777,"default_balance_ether":100,"total_accounts":10,"unlocked_accounts":[],"locked":false,"vmErrorsOnRPCResponse":true,"verbose":false,"db_path":"C:\\Users\\cv2ma\\AppData\\Roaming\\Ganache\\workspaces\\cartago\\chaindata","logDirectory":"V:\\_RelaxingCup\\cursos\\Solidity\\03_NFT_ETH_Ganache_Truffle_React\\logs_ganache"}
[2021/11/09 21:38:56.314] - eth_subscribe
[2021/11/09 21:38:56.316] - eth_getLogs
[2021/11/09 21:38:56.321] - eth_subscribe
[2021/11/09 21:38:56.360] - eth_subscribe
[2021/11/09 21:38:56.361] - eth_getLogs
[2021/11/09 21:38:56.361] - eth_subscribe
[2021/11/09 21:38:56.398] - eth_blockNumber
[2021/11/09 21:38:56.398] - eth_accounts
[2021/11/09 21:38:56.399] - eth_blockNumber
[2021/11/09 21:38:56.399] - eth_gasPrice
[2021/11/09 21:38:56.399] - eth_accounts
[2021/11/09 21:38:56.400] - eth_getBlockByNumber
[2021/11/09 21:38:56.400] - eth_gasPrice
[2021/11/09 21:38:56.400] - eth_subscribe
[2021/11/09 21:38:56.401] - eth_getBlockByNumber
[2021/11/09 21:38:56.401] - eth_subscribe
[2021/11/09 21:38:56.412] - eth_accounts
[2021/11/09 21:38:56.437] - eth_getBalance
[2021/11/09 21:38:56.439] - eth_getTransactionCount
[2021/11/09 21:38:56.441] - eth_getBalance
[2021/11/09 21:38:56.444] - eth_getTransactionCount
[2021/11/09 21:38:56.445] - eth_getBalance
[2021/11/09 21:38:56.448] - eth_getTransactionCount
[2021/11/09 21:38:56.450] - eth_getBalance
[2021/11/09 21:38:56.454] - eth_getTransactionCount
[2021/11/09 21:38:56.456] - eth_getBalance
[2021/11/09 21:38:56.459] - eth_getTransactionCount
[2021/11/09 21:38:56.462] - eth_getBalance
[2021/11/09 21:38:56.464] - eth_getTransactionCount
[2021/11/09 21:38:56.468] - eth_getBalance
[2021/11/09 21:38:56.470] - eth_getTransactionCount
[2021/11/09 21:38:56.472] - eth_getBalance
[2021/11/09 21:38:56.474] - eth_getTransactionCount
[2021/11/09 21:38:56.475] - eth_getBalance
[2021/11/09 21:38:56.477] - eth_getTransactionCount
[2021/11/09 21:38:56.478] - eth_getBalance
[2021/11/09 21:38:56.480] - eth_getTransactionCount
[2021/11/09 21:38:56.485] - eth_getBalance
[2021/11/09 21:38:56.488] - eth_getTransactionCount
[2021/11/09 21:38:56.491] - eth_getBalance
[2021/11/09 21:38:56.492] - eth_getTransactionCount
[2021/11/09 21:38:56.494] - eth_getBalance
[2021/11/09 21:38:56.495] - eth_getTransactionCount
[2021/11/09 21:38:56.497] - eth_getBalance
[2021/11/09 21:38:56.498] - eth_getTransactionCount
[2021/11/09 21:38:56.501] - eth_getBalance
[2021/11/09 21:38:56.503] - eth_getTransactionCount
[2021/11/09 21:38:56.506] - eth_getBalance
[2021/11/09 21:38:56.507] - eth_getTransactionCount
[2021/11/09 21:38:56.509] - eth_getBalance
[2021/11/09 21:38:56.510] - eth_getTransactionCount
[2021/11/09 21:38:56.512] - eth_getBalance
[2021/11/09 21:38:56.515] - eth_getTransactionCount
[2021/11/09 21:38:56.518] - eth_getBalance
[2021/11/09 21:38:56.520] - eth_getTransactionCount
[2021/11/09 21:38:56.522] - eth_getBalance
[2021/11/09 21:38:56.524] - eth_getTransactionCount
[2021/11/09 21:38:56.525] - eth_getBalance
[2021/11/09 21:38:56.527] - eth_getTransactionCount
[2021/11/09 21:38:56.529] - eth_getBalance
[2021/11/09 21:38:56.531] - eth_getTransactionCount
[2021/11/09 21:38:56.534] - eth_getBalance
[2021/11/09 21:38:56.536] - eth_getTransactionCount
[2021/11/09 21:38:56.539] - eth_getBalance
[2021/11/09 21:38:56.540] - eth_getTransactionCount
[2021/11/09 21:38:56.542] - eth_getBalance
[2021/11/09 21:38:56.543] - eth_getTransactionCount
[2021/11/09 21:38:56.547] - eth_getBalance
[2021/11/09 21:38:56.548] - eth_getTransactionCount
[2021/11/09 21:38:56.550] - eth_getBalance
[2021/11/09 21:38:56.551] - eth_getTransactionCount
[2021/11/09 21:38:56.553] - eth_getBalance
[2021/11/09 21:38:56.555] - eth_getTransactionCount
[2021/11/09 21:38:56.556] - eth_getBalance
[2021/11/09 21:38:56.558] - eth_getTransactionCount
[2021/11/09 21:38:56.560] - eth_getBalance
[2021/11/09 21:38:56.562] - eth_getTransactionCount
[2021/11/09 21:38:56.609] - eth_getBalance
[2021/11/09 21:38:56.617] - eth_getTransactionCount
[2021/11/09 21:38:56.618] - eth_getBalance
[2021/11/09 21:38:56.619] - eth_getTransactionCount
[2021/11/09 21:38:56.619] - eth_getBalance
[2021/11/09 21:38:56.619] - eth_getTransactionCount
[2021/11/09 21:38:56.620] - eth_getBalance
[2021/11/09 21:38:56.620] - eth_getTransactionCount
[2021/11/09 21:38:56.622] - eth_getBalance
[2021/11/09 21:38:56.623] - eth_getTransactionCount
[2021/11/09 21:38:56.625] - eth_getBalance
[2021/11/09 21:38:56.626] - eth_getTransactionCount
[2021/11/09 21:38:56.628] - eth_getBalance
[2021/11/09 21:38:56.629] - eth_getTransactionCount
[2021/11/09 21:38:56.633] - eth_getBalance
[2021/11/09 21:38:56.633] - eth_getTransactionCount
[2021/11/09 21:38:56.635] - eth_getBalance
[2021/11/09 21:38:56.636] - eth_getTransactionCount
[2021/11/09 21:43:04.626] - eth_blockNumber
[2021/11/09 21:43:18.007] - eth_unsubscribe
[2021/11/09 21:43:18.007] - eth_unsubscribe
