[2021/11/09 18:23:43.330] - Starting server with initial configuration: {"gasLimit":6721975,"gasPrice":20000000000,"hardfork":"muirGlacier","hostname":"127.0.0.1","port":7545,"network_id":5777,"default_balance_ether":100,"total_accounts":10,"unlocked_accounts":[],"locked":false,"vmErrorsOnRPCResponse":true,"verbose":false,"db_path":"C:\\Users\\cv2ma\\AppData\\Roaming\\Ganache\\workspaces\\cartago\\chaindata","logDirectory":"V:\\_RelaxingCup\\cursos\\Solidity\\03_NFT_ETH_Ganache_Truffle_React\\logs_ganache"}
[2021/11/09 18:23:43.410] - eth_subscribe
[2021/11/09 18:23:43.411] - eth_getLogs
[2021/11/09 18:23:43.411] - eth_subscribe
[2021/11/09 18:23:43.440] - eth_subscribe
[2021/11/09 18:23:43.441] - eth_getLogs
[2021/11/09 18:23:43.441] - eth_subscribe
[2021/11/09 18:23:43.468] - eth_getBlockByNumber
[2021/11/09 18:23:43.469] - eth_subscribe
[2021/11/09 18:23:43.477] - eth_blockNumber
[2021/11/09 18:23:43.478] - eth_accounts
[2021/11/09 18:23:43.478] - eth_gasPrice
[2021/11/09 18:23:43.478] - eth_getBlockByNumber
[2021/11/09 18:23:43.490] - eth_subscribe
[2021/11/09 18:23:43.490] - eth_blockNumber
[2021/11/09 18:23:43.490] - eth_accounts
[2021/11/09 18:23:43.491] - eth_gasPrice
[2021/11/09 18:23:43.514] - eth_getBalance
[2021/11/09 18:23:43.517] - eth_getTransactionCount
[2021/11/09 18:23:43.520] - eth_getBalance
[2021/11/09 18:23:43.521] - eth_getTransactionCount
[2021/11/09 18:23:43.524] - eth_getBalance
[2021/11/09 18:23:43.526] - eth_getTransactionCount
[2021/11/09 18:23:43.529] - eth_getBalance
[2021/11/09 18:23:43.531] - eth_getTransactionCount
[2021/11/09 18:23:43.533] - eth_getBalance
[2021/11/09 18:23:43.536] - eth_getTransactionCount
[2021/11/09 18:23:43.537] - eth_getBalance
[2021/11/09 18:23:43.540] - eth_getTransactionCount
[2021/11/09 18:23:43.541] - eth_getBalance
[2021/11/09 18:23:43.544] - eth_getTransactionCount
[2021/11/09 18:23:43.547] - eth_getBalance
[2021/11/09 18:23:43.548] - eth_getTransactionCount
[2021/11/09 18:23:43.551] - eth_getBalance
[2021/11/09 18:23:43.552] - eth_getTransactionCount
[2021/11/09 18:23:43.554] - eth_getBalance
[2021/11/09 18:23:43.556] - eth_getTransactionCount
[2021/11/09 18:23:43.557] - eth_getBalance
[2021/11/09 18:23:43.558] - eth_getTransactionCount
[2021/11/09 18:23:43.560] - eth_getBalance
[2021/11/09 18:23:43.561] - eth_getTransactionCount
[2021/11/09 18:23:43.562] - eth_getBalance
[2021/11/09 18:23:43.565] - eth_getTransactionCount
[2021/11/09 18:23:43.567] - eth_getBalance
[2021/11/09 18:23:43.567] - eth_getTransactionCount
[2021/11/09 18:23:43.569] - eth_getBalance
[2021/11/09 18:23:43.570] - eth_getTransactionCount
[2021/11/09 18:23:43.573] - eth_getBalance
[2021/11/09 18:23:43.573] - eth_getTransactionCount
[2021/11/09 18:23:43.575] - eth_getBalance
[2021/11/09 18:23:43.578] - eth_getTransactionCount
[2021/11/09 18:23:43.579] - eth_getBalance
[2021/11/09 18:23:43.581] - eth_getTransactionCount
[2021/11/09 18:23:43.581] - eth_getBalance
[2021/11/09 18:23:43.584] - eth_getTransactionCount
[2021/11/09 18:23:43.584] - eth_getBalance
[2021/11/09 18:23:43.587] - eth_getTransactionCount
[2021/11/09 18:23:43.620] - eth_getBalance
[2021/11/09 18:23:43.620] - eth_getTransactionCount
[2021/11/09 18:23:43.622] - eth_getBalance
[2021/11/09 18:23:43.624] - eth_getTransactionCount
[2021/11/09 18:23:43.624] - eth_getBalance
[2021/11/09 18:23:43.626] - eth_getTransactionCount
[2021/11/09 18:23:43.627] - eth_getBalance
[2021/11/09 18:23:43.629] - eth_getTransactionCount
[2021/11/09 18:23:43.632] - eth_getBalance
[2021/11/09 18:23:43.634] - eth_getTransactionCount
[2021/11/09 18:23:43.637] - eth_getBalance
[2021/11/09 18:23:43.640] - eth_getTransactionCount
[2021/11/09 18:23:43.641] - eth_getBalance
[2021/11/09 18:23:43.641] - eth_getTransactionCount
[2021/11/09 18:23:43.644] - eth_getBalance
[2021/11/09 18:23:43.644] - eth_getTransactionCount
[2021/11/09 18:23:43.647] - eth_getBalance
[2021/11/09 18:23:43.649] - eth_getTransactionCount
[2021/11/09 18:23:43.651] - eth_getBalance
[2021/11/09 18:23:43.652] - eth_getTransactionCount
[2021/11/09 18:23:43.655] - eth_getBalance
[2021/11/09 18:23:43.657] - eth_getTransactionCount
[2021/11/09 18:23:43.659] - eth_getBalance
[2021/11/09 18:23:43.660] - eth_getTransactionCount
[2021/11/09 18:23:43.662] - eth_getBalance
[2021/11/09 18:23:43.663] - eth_getTransactionCount
[2021/11/09 18:23:43.665] - eth_getBalance
[2021/11/09 18:23:43.666] - eth_getTransactionCount
[2021/11/09 18:23:43.667] - eth_getBalance
[2021/11/09 18:23:43.670] - eth_getTransactionCount
[2021/11/09 18:23:43.670] - eth_getBalance
[2021/11/09 18:23:43.672] - eth_getTransactionCount
[2021/11/09 18:23:43.674] - eth_getBalance
[2021/11/09 18:23:43.676] - eth_getTransactionCount
[2021/11/09 18:23:43.678] - eth_getBalance
[2021/11/09 18:23:43.679] - eth_getTransactionCount
[2021/11/09 18:23:43.680] - eth_getBalance
[2021/11/09 18:23:43.680] - eth_getTransactionCount
[2021/11/09 18:23:43.683] - eth_getBalance
[2021/11/09 18:23:43.683] - eth_getTransactionCount
[2021/11/09 18:24:04.447] - eth_unsubscribe
[2021/11/09 18:24:04.448] - eth_unsubscribe
