[2021/11/09 10:17:43.765] - Starting server with initial configuration: {"gasLimit":6721975,"gasPrice":20000000000,"hardfork":"muirGlacier","hostname":"127.0.0.1","port":7545,"network_id":5777,"default_balance_ether":100,"total_accounts":10,"unlocked_accounts":[],"locked":false,"vmErrorsOnRPCResponse":true,"verbose":false,"db_path":"C:\\Users\\cv2ma\\AppData\\Roaming\\Ganache\\workspaces\\cartago\\chaindata","logDirectory":"V:\\_RelaxingCup\\cursos\\Solidity\\03_NFT_ETH_Ganache_Truffle_React\\logs_ganache"}
[2021/11/09 10:17:43.808] - eth_subscribe
[2021/11/09 10:17:43.809] - eth_getLogs
[2021/11/09 10:17:43.814] - eth_subscribe
[2021/11/09 10:17:43.825] - eth_subscribe
[2021/11/09 10:17:43.826] - eth_getLogs
[2021/11/09 10:17:43.826] - eth_subscribe
[2021/11/09 10:17:43.835] - eth_blockNumber
[2021/11/09 10:17:43.835] - eth_accounts
[2021/11/09 10:17:43.835] - eth_gasPrice
[2021/11/09 10:17:43.836] - eth_getBlockByNumber
[2021/11/09 10:17:43.836] - eth_subscribe
[2021/11/09 10:17:43.839] - eth_accounts
[2021/11/09 10:17:43.845] - eth_getBalance
[2021/11/09 10:17:43.847] - eth_getTransactionCount
[2021/11/09 10:17:43.849] - eth_getBalance
[2021/11/09 10:17:43.850] - eth_getTransactionCount
[2021/11/09 10:17:43.852] - eth_getBalance
[2021/11/09 10:17:43.853] - eth_getTransactionCount
[2021/11/09 10:17:43.855] - eth_getBalance
[2021/11/09 10:17:43.856] - eth_getTransactionCount
[2021/11/09 10:17:43.859] - eth_getBalance
[2021/11/09 10:17:43.860] - eth_getTransactionCount
[2021/11/09 10:17:43.862] - eth_getBalance
[2021/11/09 10:17:43.863] - eth_getTransactionCount
[2021/11/09 10:17:43.866] - eth_getBalance
[2021/11/09 10:17:43.867] - eth_getTransactionCount
[2021/11/09 10:17:43.869] - eth_getBalance
[2021/11/09 10:17:43.870] - eth_getTransactionCount
[2021/11/09 10:17:43.872] - eth_getBalance
[2021/11/09 10:17:43.874] - eth_getTransactionCount
[2021/11/09 10:17:43.874] - eth_getBalance
[2021/11/09 10:17:43.877] - eth_getTransactionCount
[2021/11/09 10:17:43.881] - eth_blockNumber
[2021/11/09 10:17:43.882] - eth_accounts
[2021/11/09 10:17:43.883] - eth_gasPrice
[2021/11/09 10:17:43.883] - eth_getBlockByNumber
[2021/11/09 10:17:43.896] - eth_getTransactionCount
[2021/11/09 10:17:43.897] - eth_getBalance
[2021/11/09 10:17:43.899] - eth_getTransactionCount
[2021/11/09 10:17:43.899] - eth_getBalance
[2021/11/09 10:17:43.902] - eth_getTransactionCount
[2021/11/09 10:17:43.902] - eth_getBalance
[2021/11/09 10:17:43.904] - eth_getTransactionCount
[2021/11/09 10:17:43.905] - eth_getBalance
[2021/11/09 10:17:43.907] - eth_getTransactionCount
[2021/11/09 10:17:43.908] - eth_getBalance
[2021/11/09 10:17:43.909] - eth_getTransactionCount
[2021/11/09 10:17:43.910] - eth_getBalance
[2021/11/09 10:17:43.912] - eth_getTransactionCount
[2021/11/09 10:17:43.912] - eth_getBalance
[2021/11/09 10:17:43.915] - eth_getTransactionCount
[2021/11/09 10:17:43.916] - eth_getBalance
[2021/11/09 10:17:43.918] - eth_getTransactionCount
[2021/11/09 10:17:43.919] - eth_getBalance
[2021/11/09 10:17:43.920] - eth_getTransactionCount
[2021/11/09 10:17:43.923] - eth_subscribe
[2021/11/09 10:17:43.999] - eth_getBalance
[2021/11/09 10:17:44.000] - eth_getTransactionCount
[2021/11/09 10:17:44.001] - eth_getBalance
[2021/11/09 10:17:44.002] - eth_getTransactionCount
[2021/11/09 10:17:44.003] - eth_getBalance
[2021/11/09 10:17:44.004] - eth_getTransactionCount
[2021/11/09 10:17:44.005] - eth_getBalance
[2021/11/09 10:17:44.006] - eth_getTransactionCount
[2021/11/09 10:17:44.009] - eth_getBalance
[2021/11/09 10:17:44.010] - eth_getTransactionCount
[2021/11/09 10:17:44.011] - eth_getBalance
[2021/11/09 10:17:44.012] - eth_getTransactionCount
[2021/11/09 10:17:44.013] - eth_getBalance
[2021/11/09 10:17:44.015] - eth_getTransactionCount
[2021/11/09 10:17:44.017] - eth_getBalance
[2021/11/09 10:17:44.018] - eth_getTransactionCount
[2021/11/09 10:17:44.018] - eth_getBalance
[2021/11/09 10:17:44.020] - eth_getTransactionCount
[2021/11/09 10:17:44.021] - eth_getBalance
[2021/11/09 10:17:44.022] - eth_getTransactionCount
[2021/11/09 10:17:44.024] - eth_getBalance
[2021/11/09 10:17:44.026] - eth_getTransactionCount
[2021/11/09 10:17:44.027] - eth_getBalance
[2021/11/09 10:17:44.029] - eth_getTransactionCount
[2021/11/09 10:17:44.030] - eth_getBalance
[2021/11/09 10:17:44.032] - eth_getTransactionCount
[2021/11/09 10:17:44.033] - eth_getBalance
[2021/11/09 10:17:44.034] - eth_getTransactionCount
[2021/11/09 10:17:44.035] - eth_getBalance
[2021/11/09 10:17:44.037] - eth_getTransactionCount
[2021/11/09 10:17:44.038] - eth_getBalance
[2021/11/09 10:17:44.039] - eth_getTransactionCount
[2021/11/09 10:17:44.040] - eth_getBalance
[2021/11/09 10:17:44.042] - eth_getTransactionCount
[2021/11/09 10:17:44.044] - eth_getBalance
[2021/11/09 10:17:44.045] - eth_getTransactionCount
[2021/11/09 10:17:44.055] - eth_getBalance
[2021/11/09 10:17:44.056] - eth_getTransactionCount
[2021/11/09 10:17:44.057] - eth_getBalance
[2021/11/09 10:17:44.057] - eth_getTransactionCount
[2021/11/09 10:32:01.845] - eth_chainId
[2021/11/09 10:32:11.246] - eth_chainId
[2021/11/09 10:32:11.294] - eth_blockNumber
[2021/11/09 10:32:11.297] - net_version
[2021/11/09 10:32:11.325] - eth_getBalance
[2021/11/09 10:32:11.325] - eth_getBalance
[2021/11/09 10:32:11.326] - eth_getBalance
[2021/11/09 10:32:11.327] - eth_getBlockByNumber
[2021/11/09 10:32:11.600] - eth_call
[2021/11/09 10:32:11.600] - eth_blockNumber
[2021/11/09 10:32:31.329] - eth_blockNumber
[2021/11/09 10:32:39.577] - eth_getBalance
[2021/11/09 10:32:51.353] - eth_blockNumber
[2021/11/09 10:33:11.369] - eth_blockNumber
[2021/11/09 10:33:31.389] - eth_blockNumber
[2021/11/09 10:33:51.410] - eth_blockNumber
[2021/11/09 10:34:11.432] - eth_blockNumber
[2021/11/09 10:34:31.453] - eth_blockNumber
[2021/11/09 10:34:51.477] - eth_blockNumber
[2021/11/09 10:35:11.497] - eth_blockNumber
[2021/11/09 10:35:31.523] - eth_blockNumber
[2021/11/09 10:35:51.554] - eth_blockNumber
[2021/11/09 10:36:09.596] - eth_unsubscribe
[2021/11/09 10:36:09.597] - eth_unsubscribe
