[2021/11/09 18:21:23.065] - Starting server with initial configuration: {"gasLimit":6721975,"gasPrice":20000000000,"hardfork":"muirGlacier","hostname":"127.0.0.1","port":7545,"network_id":5777,"default_balance_ether":100,"total_accounts":10,"unlocked_accounts":[],"locked":false,"vmErrorsOnRPCResponse":true,"verbose":false,"db_path":"C:\\Users\\cv2ma\\AppData\\Roaming\\Ganache\\workspaces\\cartago\\chaindata","logDirectory":"V:\\_RelaxingCup\\cursos\\Solidity\\03_NFT_ETH_Ganache_Truffle_React\\logs_ganache"}
[2021/11/09 18:21:23.150] - eth_subscribe
[2021/11/09 18:21:23.151] - eth_getLogs
[2021/11/09 18:21:23.156] - eth_subscribe
[2021/11/09 18:21:23.177] - eth_subscribe
[2021/11/09 18:21:23.178] - eth_getLogs
[2021/11/09 18:21:23.179] - eth_subscribe
[2021/11/09 18:21:23.214] - eth_getBlockByNumber
[2021/11/09 18:21:23.214] - eth_subscribe
[2021/11/09 18:21:23.223] - eth_blockNumber
[2021/11/09 18:21:23.223] - eth_accounts
[2021/11/09 18:21:23.224] - eth_gasPrice
[2021/11/09 18:21:23.224] - eth_getBlockByNumber
[2021/11/09 18:21:23.236] - eth_subscribe
[2021/11/09 18:21:23.236] - eth_blockNumber
[2021/11/09 18:21:23.236] - eth_accounts
[2021/11/09 18:21:23.237] - eth_gasPrice
[2021/11/09 18:21:23.260] - eth_getBalance
[2021/11/09 18:21:23.263] - eth_getTransactionCount
[2021/11/09 18:21:23.264] - eth_getBalance
[2021/11/09 18:21:23.267] - eth_getTransactionCount
[2021/11/09 18:21:23.268] - eth_getBalance
[2021/11/09 18:21:23.271] - eth_getTransactionCount
[2021/11/09 18:21:23.273] - eth_getBalance
[2021/11/09 18:21:23.277] - eth_getTransactionCount
[2021/11/09 18:21:23.278] - eth_getBalance
[2021/11/09 18:21:23.281] - eth_getTransactionCount
[2021/11/09 18:21:23.283] - eth_getBalance
[2021/11/09 18:21:23.286] - eth_getTransactionCount
[2021/11/09 18:21:23.288] - eth_getBalance
[2021/11/09 18:21:23.291] - eth_getTransactionCount
[2021/11/09 18:21:23.293] - eth_getBalance
[2021/11/09 18:21:23.295] - eth_getTransactionCount
[2021/11/09 18:21:23.297] - eth_getBalance
[2021/11/09 18:21:23.298] - eth_getTransactionCount
[2021/11/09 18:21:23.300] - eth_getBalance
[2021/11/09 18:21:23.301] - eth_getTransactionCount
[2021/11/09 18:21:23.303] - eth_getBalance
[2021/11/09 18:21:23.304] - eth_getTransactionCount
[2021/11/09 18:21:23.306] - eth_getBalance
[2021/11/09 18:21:23.308] - eth_getTransactionCount
[2021/11/09 18:21:23.309] - eth_getBalance
[2021/11/09 18:21:23.310] - eth_getTransactionCount
[2021/11/09 18:21:23.311] - eth_getBalance
[2021/11/09 18:21:23.313] - eth_getTransactionCount
[2021/11/09 18:21:23.315] - eth_getBalance
[2021/11/09 18:21:23.316] - eth_getTransactionCount
[2021/11/09 18:21:23.317] - eth_getBalance
[2021/11/09 18:21:23.319] - eth_getTransactionCount
[2021/11/09 18:21:23.320] - eth_getBalance
[2021/11/09 18:21:23.323] - eth_getTransactionCount
[2021/11/09 18:21:23.325] - eth_getBalance
[2021/11/09 18:21:23.326] - eth_getTransactionCount
[2021/11/09 18:21:23.328] - eth_getBalance
[2021/11/09 18:21:23.329] - eth_getTransactionCount
[2021/11/09 18:21:23.332] - eth_getBalance
[2021/11/09 18:21:23.333] - eth_getTransactionCount
[2021/11/09 18:21:23.370] - eth_getBalance
[2021/11/09 18:21:23.373] - eth_getTransactionCount
[2021/11/09 18:21:23.374] - eth_getBalance
[2021/11/09 18:21:23.376] - eth_getTransactionCount
[2021/11/09 18:21:23.378] - eth_getBalance
[2021/11/09 18:21:23.380] - eth_getTransactionCount
[2021/11/09 18:21:23.382] - eth_getBalance
[2021/11/09 18:21:23.385] - eth_getTransactionCount
[2021/11/09 18:21:23.387] - eth_getBalance
[2021/11/09 18:21:23.388] - eth_getTransactionCount
[2021/11/09 18:21:23.390] - eth_getBalance
[2021/11/09 18:21:23.391] - eth_getTransactionCount
[2021/11/09 18:21:23.393] - eth_getBalance
[2021/11/09 18:21:23.395] - eth_getTransactionCount
[2021/11/09 18:21:23.397] - eth_getBalance
[2021/11/09 18:21:23.398] - eth_getTransactionCount
[2021/11/09 18:21:23.399] - eth_getBalance
[2021/11/09 18:21:23.401] - eth_getTransactionCount
[2021/11/09 18:21:23.408] - eth_getBalance
[2021/11/09 18:21:23.408] - eth_getTransactionCount
[2021/11/09 18:21:23.408] - eth_getBalance
[2021/11/09 18:21:23.409] - eth_getTransactionCount
[2021/11/09 18:21:23.409] - eth_getBalance
[2021/11/09 18:21:23.410] - eth_getTransactionCount
[2021/11/09 18:21:23.412] - eth_getBalance
[2021/11/09 18:21:23.413] - eth_getTransactionCount
[2021/11/09 18:21:23.415] - eth_getBalance
[2021/11/09 18:21:23.417] - eth_getTransactionCount
[2021/11/09 18:21:23.418] - eth_getBalance
[2021/11/09 18:21:23.420] - eth_getTransactionCount
[2021/11/09 18:21:23.421] - eth_getBalance
[2021/11/09 18:21:23.423] - eth_getTransactionCount
[2021/11/09 18:21:23.424] - eth_getBalance
[2021/11/09 18:21:23.425] - eth_getTransactionCount
[2021/11/09 18:21:23.427] - eth_getBalance
[2021/11/09 18:21:23.428] - eth_getTransactionCount
[2021/11/09 18:21:23.430] - eth_getBalance
[2021/11/09 18:21:23.431] - eth_getTransactionCount
[2021/11/09 18:21:23.434] - eth_getBalance
[2021/11/09 18:21:23.435] - eth_getTransactionCount
[2021/11/09 18:21:31.665] - eth_getBlockByNumber
[2021/11/09 18:21:31.685] - eth_getBlockTransactionCountByHash
[2021/11/09 18:21:33.100] - eth_getBlockByNumber
[2021/11/09 18:21:39.465] - eth_getLogs
[2021/11/09 18:21:52.382] - eth_unsubscribe
[2021/11/09 18:21:52.383] - eth_unsubscribe
